[I 2026-04-13 03:17:05,936] Trial 17 finished with value: 0.02599573687009312 and parameters: {'depth': 7, 'learning_rate': 0.04325628253409492}. Best is trial 10 with value: 0.025779076033104215.
[I 2026-04-13 03:17:19,732] Trial 18 finished with value: 0.025848715225121954 and parameters: {'depth': 4, 'learning_rate': 0.022874749815617962}. Best is trial 10 with value: 0.025779076033104215.
[I 2026-04-13 03:17:35,445] Trial 19 finished with value: 0.0259767211594635 and parameters: {'depth': 5, 'learning_rate': 0.038797035870895585}. Best is trial 10 with value: 0.025779076033104215.
[I 2026-04-13 03:17:52,097] Trial 20 finished with value: 0.025900389738922464 and parameters: {'depth': 6, 'learning_rate': 0.014059627484763646}. Best is trial 10 with value: 0.025779076033104215.
[I 2026-04-13 03:18:05,750] Trial 21 finished with value: 0.02581583368662914 and parameters: {'depth': 4, 'learning_rate': 0.021926650900959906}. Best is trial 10 with value: 0.025779076033104215.
[I 2026-04-13 03:18:19,478] Trial 22 finished with value: 0.02582876811152994 and parameters: {'depth': 4, 'learning_rate': 0.022223181155242216}. Best is trial 10 with value: 0.025779076033104215.
[I 2026-04-13 03:18:33,145] Trial 23 finished with value: 0.02589890701121639 and parameters: {'depth': 4, 'learning_rate': 0.025374473692016182}. Best is trial 10 with value: 0.025779076033104215.
[I 2026-04-13 03:18:46,727] Trial 24 finished with value: 0.025946560759391533 and parameters: {'depth': 4, 'learning_rate': 0.03511485306518276}. Best is trial 10 with value: 0.025779076033104215.
[I 2026-04-13 03:19:00,350] Trial 25 finished with value: 0.025892420579403466 and parameters: {'depth': 4, 'learning_rate': 0.015322050891651734}. Best is trial 10 with value: 0.025779076033104215.
[I 2026-04-13 03:19:14,046] Trial 26 finished with value: 0.02586388865648822 and parameters: {'depth': 4, 'learning_rate': 0.026343607150901956}. Best is trial 10 with value: 0.025779076033104215.
[I 2026-04-13 03:19:29,790] Trial 27 finished with value: 0.025949881521306128 and parameters: {'depth': 5, 'learning_rate': 0.02004685344443511}. Best is trial 10 with value: 0.025779076033104215.
[I 2026-04-13 03:19:43,805] Trial 28 finished with value: 0.02612488459805221 and parameters: {'depth': 4, 'learning_rate': 0.03421053613731542}. Best is trial 10 with value: 0.025779076033104215.
[I 2026-04-13 03:20:03,905] Trial 29 finished with value: 0.02612344567602058 and parameters: {'depth': 8, 'learning_rate': 0.017878855139578938}. Best is trial 10 with value: 0.025779076033104215.
[I 2026-04-13 03:20:18,963] Trial 30 finished with value: 0.025893563630906568 and parameters: {'depth': 5, 'learning_rate': 0.058806651840278466}. Best is trial 10 with value: 0.025779076033104215.
[I 2026-04-13 03:20:34,865] Trial 31 finished with value: 0.025951150827943168 and parameters: {'depth': 5, 'learning_rate': 0.021748642678779042}. Best is trial 10 with value: 0.025779076033104215.
[I 2026-04-13 03:20:48,568] Trial 32 finished with value: 0.02591366576230983 and parameters: {'depth': 4, 'learning_rate': 0.01273644781538145}. Best is trial 10 with value: 0.025779076033104215.
[I 2026-04-13 03:21:02,349] Trial 33 finished with value: 0.02587204982030759 and parameters: {'depth': 4, 'learning_rate': 0.02751383527655897}. Best is trial 10 with value: 0.025779076033104215.
[I 2026-04-13 03:21:17,339] Trial 34 finished with value: 0.025897850089424735 and parameters: {'depth': 5, 'learning_rate': 0.020947988475955637}. Best is trial 10 with value: 0.025779076033104215.
[I 2026-04-13 03:21:31,054] Trial 35 finished with value: 0.02592223878254066 and parameters: {'depth': 4, 'learning_rate': 0.016683723559453623}. Best is trial 10 with value: 0.025779076033104215.
[I 2026-04-13 03:21:45,903] Trial 36 finished with value: 0.025861846799530606 and parameters: {'depth': 5, 'learning_rate': 0.023147682443174777}. Best is trial 10 with value: 0.025779076033104215.
[I 2026-04-13 03:22:03,310] Trial 37 finished with value: 0.025895950828671726 and parameters: {'depth': 6, 'learning_rate': 0.03140859686482591}. Best is trial 10 with value: 0.025779076033104215.
[I 2026-04-13 03:22:21,204] Trial 38 finished with value: 0.025987649340510902 and parameters: {'depth': 7, 'learning_rate': 0.019275778289896916}. Best is trial 10 with value: 0.025779076033104215.
[I 2026-04-13 03:22:34,922] Trial 39 finished with value: 0.025917423073817197 and parameters: {'depth': 4, 'learning_rate': 0.01147028526672105}. Best is trial 10 with value: 0.025779076033104215.
[I 2026-04-13 03:22:51,280] Trial 40 finished with value: 0.025895019173935024 and parameters: {'depth': 6, 'learning_rate': 0.01381661845207812}. Best is trial 10 with value: 0.025779076033104215.
[I 2026-04-13 03:23:05,690] Trial 41 finished with value: 0.025948910232937668 and parameters: {'depth': 4, 'learning_rate': 0.0226664820042257}. Best is trial 10 with value: 0.025779076033104215.
[I 2026-04-13 03:23:19,537] Trial 42 finished with value: 0.025942631008755872 and parameters: {'depth': 4, 'learning_rate': 0.024994592311198577}. Best is trial 10 with value: 0.025779076033104215.
[I 2026-04-13 03:23:33,462] Trial 43 finished with value: 0.02588923504930815 and parameters: {'depth': 4, 'learning_rate': 0.027806916467701913}. Best is trial 10 with value: 0.025779076033104215.
[I 2026-04-13 03:23:47,179] Trial 44 finished with value: 0.025896766616823216 and parameters: {'depth': 4, 'learning_rate': 0.018459380376750344}. Best is trial 10 with value: 0.025779076033104215.
[I 2026-04-13 03:24:16,706] A new study created in memory with name: no-name-9e60b04e-f554-40fb-8f0b-f931440f8a1e
4. Processing Target_D4...
[I 2026-04-13 03:24:32,986] Trial 0 finished with value: 0.028926069760920877 and parameters: {'depth': 6, 'learning_rate': 0.03056629549099171}. Best is trial 0 with value: 0.028926069760920877.
[I 2026-04-13 03:24:51,391] Trial 1 finished with value: 0.028648120324799003 and parameters: {'depth': 7, 'learning_rate': 0.02271043971366225}. Best is trial 1 with value: 0.028648120324799003.
[I 2026-04-13 03:25:08,980] Trial 2 finished with value: 0.0288246821510227 and parameters: {'depth': 7, 'learning_rate': 0.03385640512444625}. Best is trial 1 with value: 0.028648120324799003.
[I 2026-04-13 03:25:27,811] Trial 3 finished with value: 0.028782134673822183 and parameters: {'depth': 7, 'learning_rate': 0.06441000430689446}. Best is trial 1 with value: 0.028648120324799003.
[I 2026-04-13 03:25:42,669] Trial 4 finished with value: 0.028788044071260687 and parameters: {'depth': 5, 'learning_rate': 0.01540262728368613}. Best is trial 1 with value: 0.028648120324799003.
[I 2026-04-13 03:25:57,536] Trial 5 finished with value: 0.028799802997598767 and parameters: {'depth': 5, 'learning_rate': 0.016331133021537547}. Best is trial 1 with value: 0.028648120324799003.
[I 2026-04-13 03:26:11,191] Trial 6 finished with value: 0.02878228076073442 and parameters: {'depth': 4, 'learning_rate': 0.01906460585130896}. Best is trial 1 with value: 0.028648120324799003.
[I 2026-04-13 03:26:24,689] Trial 7 finished with value: 0.02877508947044985 and parameters: {'depth': 4, 'learning_rate': 0.07290388352604295}. Best is trial 1 with value: 0.028648120324799003.
[I 2026-04-13 03:26:39,813] Trial 8 finished with value: 0.028810255337024762 and parameters: {'depth': 5, 'learning_rate': 0.04853049466026586}. Best is trial 1 with value: 0.028648120324799003.
[I 2026-04-13 03:26:56,689] Trial 9 finished with value: 0.028794436119215467 and parameters: {'depth': 6, 'learning_rate': 0.023372490764040108}. Best is trial 1 with value: 0.028648120324799003.
[I 2026-04-13 03:27:16,609] Trial 10 finished with value: 0.02878663989279428 and parameters: {'depth': 8, 'learning_rate': 0.01035821444605366}. Best is trial 1 with value: 0.028648120324799003.
[I 2026-04-13 03:27:30,696] Trial 11 finished with value: 0.02863586171157486 and parameters: {'depth': 4, 'learning_rate': 0.09568483531590768}. Best is trial 11 with value: 0.02863586171157486.
[I 2026-04-13 03:27:51,332] Trial 12 finished with value: 0.028825821830810595 and parameters: {'depth': 8, 'learning_rate': 0.09322290527520131}. Best is trial 11 with value: 0.02863586171157486.
[I 2026-04-13 03:28:10,065] Trial 13 finished with value: 0.028748747817464646 and parameters: {'depth': 7, 'learning_rate': 0.03812526146802878}. Best is trial 11 with value: 0.02863586171157486.
[I 2026-04-13 03:28:26,207] Trial 14 finished with value: 0.02874128238160174 and parameters: {'depth': 6, 'learning_rate': 0.02403539049574732}. Best is trial 11 with value: 0.02863586171157486.
[I 2026-04-13 03:28:39,771] Trial 15 finished with value: 0.028564541013049997 and parameters: {'depth': 4, 'learning_rate': 0.09921349430862707}. Best is trial 15 with value: 0.028564541013049997.
[I 2026-04-13 03:28:53,265] Trial 16 finished with value: 0.028715073078989864 and parameters: {'depth': 4, 'learning_rate': 0.09400485445188789}. Best is trial 15 with value: 0.028564541013049997.
[I 2026-04-13 03:29:06,805] Trial 17 finished with value: 0.028824260645041268 and parameters: {'depth': 4, 'learning_rate': 0.05544713814484901}. Best is trial 15 with value: 0.028564541013049997.
[I 2026-04-13 03:29:21,451] Trial 18 finished with value: 0.028685244712181774 and parameters: {'depth': 5, 'learning_rate': 0.07067176594483805}. Best is trial 15 with value: 0.028564541013049997.
[I 2026-04-13 03:29:34,938] Trial 19 finished with value: 0.028844082868880513 and parameters: {'depth': 4, 'learning_rate': 0.045933885942295916}. Best is trial 15 with value: 0.028564541013049997.
[I 2026-04-13 03:29:50,571] Trial 20 finished with value: 0.028763342225468575 and parameters: {'depth': 5, 'learning_rate': 0.09643134979184316}. Best is trial 15 with value: 0.028564541013049997.
[I 2026-04-13 03:30:08,856] Trial 21 finished with value: 0.028806044634249548 and parameters: {'depth': 7, 'learning_rate': 0.08010117922035533}. Best is trial 15 with value: 0.028564541013049997.
[I 2026-04-13 03:30:32,160] Trial 22 finished with value: 0.028911084596233663 and parameters: {'depth': 8, 'learning_rate': 0.026953731525460763}. Best is trial 15 with value: 0.028564541013049997.
[I 2026-04-13 03:30:45,967] Trial 23 finished with value: 0.02886321655181319 and parameters: {'depth': 4, 'learning_rate': 0.012547627329770269}. Best is trial 15 with value: 0.028564541013049997.
[I 2026-04-13 03:31:02,020] Trial 24 finished with value: 0.029012701626028155 and parameters: {'depth': 6, 'learning_rate': 0.057195999665968125}. Best is trial 15 with value: 0.028564541013049997.
[I 2026-04-13 03:31:21,053] Trial 25 finished with value: 0.0287389963795865 and parameters: {'depth': 7, 'learning_rate': 0.04363560969609044}. Best is trial 15 with value: 0.028564541013049997.
[I 2026-04-13 03:31:35,846] Trial 26 finished with value: 0.028829248103208065 and parameters: {'depth': 5, 'learning_rate': 0.02008194662356616}. Best is trial 15 with value: 0.028564541013049997.
[I 2026-04-13 03:31:49,456] Trial 27 finished with value: 0.028691682302309233 and parameters: {'depth': 4, 'learning_rate': 0.08288657299747831}. Best is trial 15 with value: 0.028564541013049997.
[I 2026-04-13 03:32:05,589] Trial 28 finished with value: 0.028927857273993194 and parameters: {'depth': 6, 'learning_rate': 0.03569540834976522}. Best is trial 15 with value: 0.028564541013049997.
[I 2026-04-13 03:32:20,348] Trial 29 finished with value: 0.02888321025842171 and parameters: {'depth': 5, 'learning_rate': 0.02669382147795758}. Best is trial 15 with value: 0.028564541013049997.
[I 2026-04-13 03:32:37,699] Trial 30 finished with value: 0.028935529004066353 and parameters: {'depth': 6, 'learning_rate': 0.05840553073138254}. Best is trial 15 with value: 0.028564541013049997.
[I 2026-04-13 03:32:52,532] Trial 31 finished with value: 0.028586320254337064 and parameters: {'depth': 5, 'learning_rate': 0.06988322256279073}. Best is trial 15 with value: 0.028564541013049997.
[I 2026-04-13 03:33:06,263] Trial 32 finished with value: 0.028639661305284426 and parameters: {'depth': 4, 'learning_rate': 0.08309148431398622}. Best is trial 15 with value: 0.028564541013049997.
[I 2026-04-13 03:33:19,918] Trial 33 finished with value: 0.02879047525688889 and parameters: {'depth': 4, 'learning_rate': 0.08314979711347646}. Best is trial 15 with value: 0.028564541013049997.
[I 2026-04-13 03:33:33,571] Trial 34 finished with value: 0.028381627969285415 and parameters: {'depth': 4, 'learning_rate': 0.09998388932471255}. Best is trial 34 with value: 0.028381627969285415.
[I 2026-04-13 03:33:48,331] Trial 35 finished with value: 0.028779963270465246 and parameters: {'depth': 5, 'learning_rate': 0.09859787935737727}. Best is trial 34 with value: 0.028381627969285415.
[I 2026-04-13 03:34:01,908] Trial 36 finished with value: 0.028801326062847635 and parameters: {'depth': 4, 'learning_rate': 0.06691628809391448}. Best is trial 34 with value: 0.028381627969285415.
[I 2026-04-13 03:34:17,390] Trial 37 finished with value: 0.02885853732272227 and parameters: {'depth': 5, 'learning_rate': 0.07540840946599649}. Best is trial 34 with value: 0.028381627969285415.
[I 2026-04-13 03:34:31,401] Trial 38 finished with value: 0.028846570915097146 and parameters: {'depth': 4, 'learning_rate': 0.061864692986354164}. Best is trial 34 with value: 0.028381627969285415.
[I 2026-04-13 03:34:45,012] Trial 39 finished with value: 0.02859214401834221 and parameters: {'depth': 4, 'learning_rate': 0.09974754134594532}. Best is trial 34 with value: 0.028381627969285415.
[I 2026-04-13 03:34:59,956] Trial 40 finished with value: 0.02891809870194617 and parameters: {'depth': 5, 'learning_rate': 0.052546745239871136}. Best is trial 34 with value: 0.028381627969285415.
[I 2026-04-13 03:35:13,520] Trial 41 finished with value: 0.02884320873368723 and parameters: {'depth': 4, 'learning_rate': 0.08832098358592678}. Best is trial 34 with value: 0.028381627969285415.
[I 2026-04-13 03:35:27,003] Trial 42 finished with value: 0.028905037617185863 and parameters: {'depth': 4, 'learning_rate': 0.07285284306833668}. Best is trial 34 with value: 0.028381627969285415.
[I 2026-04-13 03:35:40,462] Trial 43 finished with value: 0.028842824194429396 and parameters: {'depth': 4, 'learning_rate': 0.0890834602462398}. Best is trial 34 with value: 0.028381627969285415.
[I 2026-04-13 03:35:55,023] Trial 44 finished with value: 0.028748053074086934 and parameters: {'depth': 5, 'learning_rate': 0.09987891371056509}. Best is trial 34 with value: 0.028381627969285415.
[I 2026-04-13 03:36:21,744] A new study created in memory with name: no-name-2b354531-1162-4d5c-83d3-69a06026dfd6
4. Processing Target_D5...
[I 2026-04-13 03:36:42,423] Trial 0 finished with value: 0.031583798703414025 and parameters: {'depth': 8, 'learning_rate': 0.029696890863600892}. Best is trial 0 with value: 0.031583798703414025.
[I 2026-04-13 03:37:03,229] Trial 1 finished with value: 0.03183814222005132 and parameters: {'depth': 8, 'learning_rate': 0.017420779278826695}. Best is trial 0 with value: 0.031583798703414025.
[I 2026-04-13 03:37:16,378] Trial 2 finished with value: 0.03179459340716762 and parameters: {'depth': 4, 'learning_rate': 0.04548132461790822}. Best is trial 0 with value: 0.031583798703414025.
[I 2026-04-13 03:37:33,682] Trial 3 finished with value: 0.03191216404499648 and parameters: {'depth': 7, 'learning_rate': 0.06684543263481398}. Best is trial 0 with value: 0.031583798703414025.
[I 2026-04-13 03:37:54,394] Trial 4 finished with value: 0.03196069434168571 and parameters: {'depth': 8, 'learning_rate': 0.06644879716478422}. Best is trial 0 with value: 0.031583798703414025.
[I 2026-04-13 03:38:10,015] Trial 5 finished with value: 0.031590656665904264 and parameters: {'depth': 6, 'learning_rate': 0.019742845881565472}. Best is trial 0 with value: 0.031583798703414025.
[I 2026-04-13 03:38:23,267] Trial 6 finished with value: 0.031768189048923014 and parameters: {'depth': 4, 'learning_rate': 0.07004748032369883}. Best is trial 0 with value: 0.031583798703414025.
[I 2026-04-13 03:38:43,938] Trial 7 finished with value: 0.03178417001750386 and parameters: {'depth': 8, 'learning_rate': 0.02153074009921497}. Best is trial 0 with value: 0.031583798703414025.
[I 2026-04-13 03:38:58,459] Trial 8 finished with value: 0.03167974153598588 and parameters: {'depth': 5, 'learning_rate': 0.019961997756592718}. Best is trial 0 with value: 0.031583798703414025.
[I 2026-04-13 03:39:12,797] Trial 9 finished with value: 0.03164816660692626 and parameters: {'depth': 5, 'learning_rate': 0.03647773552177543}. Best is trial 0 with value: 0.031583798703414025.
[I 2026-04-13 03:39:30,029] Trial 10 finished with value: 0.03164182709564259 and parameters: {'depth': 7, 'learning_rate': 0.01325303788303641}. Best is trial 0 with value: 0.031583798703414025.
[I 2026-04-13 03:39:46,288] Trial 11 finished with value: 0.03143165664540541 and parameters: {'depth': 6, 'learning_rate': 0.026707691280384513}. Best is trial 11 with value: 0.03143165664540541.
[I 2026-04-13 03:40:02,532] Trial 12 finished with value: 0.031924904357490805 and parameters: {'depth': 6, 'learning_rate': 0.03116399414746179}. Best is trial 11 with value: 0.03143165664540541.
[I 2026-04-13 03:40:18,383] Trial 13 finished with value: 0.031901431331775955 and parameters: {'depth': 6, 'learning_rate': 0.010144224670502052}. Best is trial 11 with value: 0.03143165664540541.
[I 2026-04-13 03:40:35,850] Trial 14 finished with value: 0.03179903500541521 and parameters: {'depth': 7, 'learning_rate': 0.031166935708032435}. Best is trial 11 with value: 0.03143165664540541.
[I 2026-04-13 03:40:51,163] Trial 15 finished with value: 0.03179707829454049 and parameters: {'depth': 5, 'learning_rate': 0.04329063899091464}. Best is trial 11 with value: 0.03143165664540541.
[I 2026-04-13 03:41:08,419] Trial 16 finished with value: 0.03183114716895128 and parameters: {'depth': 7, 'learning_rate': 0.025140514225472088}. Best is trial 11 with value: 0.03143165664540541.
[I 2026-04-13 03:41:22,769] Trial 17 finished with value: 0.0316956363674115 and parameters: {'depth': 5, 'learning_rate': 0.04844928976566694}. Best is trial 11 with value: 0.03143165664540541.
[I 2026-04-13 03:41:41,190] Trial 18 finished with value: 0.031749008637223686 and parameters: {'depth': 7, 'learning_rate': 0.09496600729496661}. Best is trial 11 with value: 0.03143165664540541.
[I 2026-04-13 03:41:56,856] Trial 19 finished with value: 0.03160780773114041 and parameters: {'depth': 6, 'learning_rate': 0.02525849508533825}. Best is trial 11 with value: 0.03143165664540541.
[I 2026-04-13 03:42:16,345] Trial 20 finished with value: 0.031845046930917 and parameters: {'depth': 8, 'learning_rate': 0.015046635566878805}. Best is trial 11 with value: 0.03143165664540541.
[I 2026-04-13 03:42:33,191] Trial 21 finished with value: 0.03144202495145756 and parameters: {'depth': 6, 'learning_rate': 0.025707399712306084}. Best is trial 11 with value: 0.03143165664540541.
[I 2026-04-13 03:42:48,883] Trial 22 finished with value: 0.031536883100977305 and parameters: {'depth': 6, 'learning_rate': 0.02566150601342406}. Best is trial 11 with value: 0.03143165664540541.
[I 2026-04-13 03:43:04,591] Trial 23 finished with value: 0.0314293094157301 and parameters: {'depth': 6, 'learning_rate': 0.025987349922312702}. Best is trial 23 with value: 0.0314293094157301.
[I 2026-04-13 03:43:20,846] Trial 24 finished with value: 0.03184995536066144 and parameters: {'depth': 6, 'learning_rate': 0.03837357101448731}. Best is trial 23 with value: 0.0314293094157301.
[I 2026-04-13 03:43:35,856] Trial 25 finished with value: 0.03180675231378121 and parameters: {'depth': 5, 'learning_rate': 0.015812634301340934}. Best is trial 23 with value: 0.0314293094157301.
[I 2026-04-13 03:43:51,498] Trial 26 finished with value: 0.03162560108431622 and parameters: {'depth': 6, 'learning_rate': 0.023473092287038196}. Best is trial 23 with value: 0.0314293094157301.
[I 2026-04-13 03:44:07,150] Trial 27 finished with value: 0.03183835542684644 and parameters: {'depth': 6, 'learning_rate': 0.03536569393630392}. Best is trial 23 with value: 0.0314293094157301.
[I 2026-04-13 03:44:21,474] Trial 28 finished with value: 0.03179143358899415 and parameters: {'depth': 5, 'learning_rate': 0.011799060824724488}. Best is trial 23 with value: 0.0314293094157301.
[I 2026-04-13 03:44:39,992] Trial 29 finished with value: 0.0317477523119967 and parameters: {'depth': 7, 'learning_rate': 0.027287337756678763}. Best is trial 23 with value: 0.0314293094157301.
[I 2026-04-13 03:44:54,336] Trial 30 finished with value: 0.0315415497946462 and parameters: {'depth': 5, 'learning_rate': 0.05511100212202829}. Best is trial 23 with value: 0.0314293094157301.
[I 2026-04-13 03:45:10,085] Trial 31 finished with value: 0.031608736523525374 and parameters: {'depth': 6, 'learning_rate': 0.028516415680239132}. Best is trial 23 with value: 0.0314293094157301.
[I 2026-04-13 03:45:25,858] Trial 32 finished with value: 0.031664854946565756 and parameters: {'depth': 6, 'learning_rate': 0.01886299887490555}. Best is trial 23 with value: 0.0314293094157301.
[I 2026-04-13 03:45:42,724] Trial 33 finished with value: 0.03163114896217862 and parameters: {'depth': 6, 'learning_rate': 0.023054615866101306}. Best is trial 23 with value: 0.0314293094157301.
[I 2026-04-13 03:45:59,857] Trial 34 finished with value: 0.03175397411769481 and parameters: {'depth': 7, 'learning_rate': 0.033792206106854634}. Best is trial 23 with value: 0.0314293094157301.
[I 2026-04-13 03:46:15,632] Trial 35 finished with value: 0.03172628235599364 and parameters: {'depth': 6, 'learning_rate': 0.016592441311745226}. Best is trial 23 with value: 0.0314293094157301.
[I 2026-04-13 03:46:28,845] Trial 36 finished with value: 0.031718476150271555 and parameters: {'depth': 4, 'learning_rate': 0.028121501230844306}. Best is trial 23 with value: 0.0314293094157301.
