    ━━━━━━━━━━━━━━━━━━━━━━━━━━━━━━━━━━━━━━━━ 4.1/4.1 MB 126.1 MB/s eta 0:00:00
   ━━━━━━━━━━━━━━━━━━━━━━━━━━━━━━━━━━━━━━━━ 97.1/97.1 MB 9.7 MB/s eta 0:00:00
   ━━━━━━━━━━━━━━━━━━━━━━━━━━━━━━━━━━━━━━━━ 419.5/419.5 kB 37.5 MB/s eta 0:00:00
1. Ingesting Data...
2. Engineering Features...
3. Building Targets...
[I 2026-04-13 02:46:41,991] A new study created in memory with name: no-name-c15cb13b-5454-4cc9-a232-e9a25139fcf5
4. Processing Target_D1...
[I 2026-04-13 02:47:01,476] Trial 0 finished with value: 0.014121213690215056 and parameters: {'depth': 7, 'learning_rate': 0.03027697850701086}. Best is trial 0 with value: 0.014121213690215056.
[I 2026-04-13 02:47:16,822] Trial 1 finished with value: 0.014106479468384609 and parameters: {'depth': 5, 'learning_rate': 0.030999867979609255}. Best is trial 1 with value: 0.014106479468384609.
[I 2026-04-13 02:47:33,407] Trial 2 finished with value: 0.014151700564838963 and parameters: {'depth': 6, 'learning_rate': 0.04613213572488136}. Best is trial 1 with value: 0.014106479468384609.
[I 2026-04-13 02:47:51,210] Trial 3 finished with value: 0.014153942721950316 and parameters: {'depth': 6, 'learning_rate': 0.07154163717086381}. Best is trial 1 with value: 0.014106479468384609.
[I 2026-04-13 02:48:11,923] Trial 4 finished with value: 0.014216950110981704 and parameters: {'depth': 8, 'learning_rate': 0.044110238912107795}. Best is trial 1 with value: 0.014106479468384609.
[I 2026-04-13 02:48:33,552] Trial 5 finished with value: 0.014175002539946285 and parameters: {'depth': 8, 'learning_rate': 0.021783194706226944}. Best is trial 1 with value: 0.014106479468384609.
[I 2026-04-13 02:48:47,517] Trial 6 finished with value: 0.014182680721973222 and parameters: {'depth': 4, 'learning_rate': 0.05244671820350705}. Best is trial 1 with value: 0.014106479468384609.
[I 2026-04-13 02:49:07,059] Trial 7 finished with value: 0.014169923468482434 and parameters: {'depth': 7, 'learning_rate': 0.011328029027500878}. Best is trial 1 with value: 0.014106479468384609.
[I 2026-04-13 02:49:21,057] Trial 8 finished with value: 0.014163541502552366 and parameters: {'depth': 4, 'learning_rate': 0.013162895491216485}. Best is trial 1 with value: 0.014106479468384609.
[I 2026-04-13 02:49:36,236] Trial 9 finished with value: 0.014198331815648654 and parameters: {'depth': 5, 'learning_rate': 0.03713444879188696}. Best is trial 1 with value: 0.014106479468384609.
[I 2026-04-13 02:49:51,519] Trial 10 finished with value: 0.014104457419972306 and parameters: {'depth': 5, 'learning_rate': 0.021773694711877702}. Best is trial 10 with value: 0.014104457419972306.
[I 2026-04-13 02:50:08,061] Trial 11 finished with value: 0.014114397225147459 and parameters: {'depth': 5, 'learning_rate': 0.020618183947946105}. Best is trial 10 with value: 0.014104457419972306.
[I 2026-04-13 02:50:23,372] Trial 12 finished with value: 0.014127697337682677 and parameters: {'depth': 5, 'learning_rate': 0.022748936113399357}. Best is trial 10 with value: 0.014104457419972306.
[I 2026-04-13 02:50:38,771] Trial 13 finished with value: 0.014116810088298242 and parameters: {'depth': 5, 'learning_rate': 0.01720186500162558}. Best is trial 10 with value: 0.014104457419972306.
[I 2026-04-13 02:50:52,869] Trial 14 finished with value: 0.014196858652690308 and parameters: {'depth': 4, 'learning_rate': 0.03023194281887527}. Best is trial 10 with value: 0.014104457419972306.
[I 2026-04-13 02:51:10,232] Trial 15 finished with value: 0.014126070856914804 and parameters: {'depth': 6, 'learning_rate': 0.08739968603024498}. Best is trial 10 with value: 0.014104457419972306.
[I 2026-04-13 02:51:26,123] Trial 16 finished with value: 0.014107411073580397 and parameters: {'depth': 5, 'learning_rate': 0.015599986409636077}. Best is trial 10 with value: 0.014104457419972306.
[I 2026-04-13 02:51:44,348] Trial 17 finished with value: 0.014101089256069725 and parameters: {'depth': 7, 'learning_rate': 0.025275358584919545}. Best is trial 17 with value: 0.014101089256069725.
[I 2026-04-13 02:52:03,755] Trial 18 finished with value: 0.014165451240111746 and parameters: {'depth': 7, 'learning_rate': 0.02319198630835981}. Best is trial 17 with value: 0.014101089256069725.
[I 2026-04-13 02:52:22,009] Trial 19 finished with value: 0.01412803831747248 and parameters: {'depth': 7, 'learning_rate': 0.014622162311243615}. Best is trial 17 with value: 0.014101089256069725.
[I 2026-04-13 02:52:43,656] Trial 20 finished with value: 0.01411038528509081 and parameters: {'depth': 8, 'learning_rate': 0.010491200977913439}. Best is trial 17 with value: 0.014101089256069725.
[I 2026-04-13 02:53:00,320] Trial 21 finished with value: 0.01412697244209799 and parameters: {'depth': 6, 'learning_rate': 0.027724446791397534}. Best is trial 17 with value: 0.014101089256069725.
[I 2026-04-13 02:53:18,291] Trial 22 finished with value: 0.014074151117829815 and parameters: {'depth': 6, 'learning_rate': 0.03920972929398821}. Best is trial 22 with value: 0.014074151117829815.
[I 2026-04-13 02:53:35,121] Trial 23 finished with value: 0.014102945006825775 and parameters: {'depth': 6, 'learning_rate': 0.03690855486396973}. Best is trial 22 with value: 0.014074151117829815.
[I 2026-04-13 02:53:51,732] Trial 24 finished with value: 0.014197493866036463 and parameters: {'depth': 6, 'learning_rate': 0.06040115487502955}. Best is trial 22 with value: 0.014074151117829815.
[I 2026-04-13 02:54:11,206] Trial 25 finished with value: 0.01416885435275235 and parameters: {'depth': 7, 'learning_rate': 0.03845916482195735}. Best is trial 22 with value: 0.014074151117829815.
[I 2026-04-13 02:54:27,935] Trial 26 finished with value: 0.014117564438380265 and parameters: {'depth': 6, 'learning_rate': 0.04114554030400709}. Best is trial 22 with value: 0.014074151117829815.
[I 2026-04-13 02:54:47,537] Trial 27 finished with value: 0.014150151492706549 and parameters: {'depth': 7, 'learning_rate': 0.056358585046153035}. Best is trial 22 with value: 0.014074151117829815.
[I 2026-04-13 02:55:05,903] Trial 28 finished with value: 0.01416984105879608 and parameters: {'depth': 7, 'learning_rate': 0.026915034521102523}. Best is trial 22 with value: 0.014074151117829815.
[I 2026-04-13 02:55:25,459] Trial 29 finished with value: 0.014134410207925711 and parameters: {'depth': 7, 'learning_rate': 0.034249812766621215}. Best is trial 22 with value: 0.014074151117829815.
[I 2026-04-13 02:55:42,155] Trial 30 finished with value: 0.014188758656280194 and parameters: {'depth': 6, 'learning_rate': 0.06691019405455909}. Best is trial 22 with value: 0.014074151117829815.
[I 2026-04-13 02:55:58,848] Trial 31 finished with value: 0.014138285621997407 and parameters: {'depth': 6, 'learning_rate': 0.018572798425379657}. Best is trial 22 with value: 0.014074151117829815.
[I 2026-04-13 02:56:15,546] Trial 32 finished with value: 0.014106103431871716 and parameters: {'depth': 5, 'learning_rate': 0.02836784141407816}. Best is trial 22 with value: 0.014074151117829815.
[I 2026-04-13 02:56:32,253] Trial 33 finished with value: 0.014111258815279436 and parameters: {'depth': 6, 'learning_rate': 0.02493094341442998}. Best is trial 22 with value: 0.014074151117829815.
[I 2026-04-13 02:56:47,619] Trial 34 finished with value: 0.01416825819328216 and parameters: {'depth': 5, 'learning_rate': 0.0332123201096334}. Best is trial 22 with value: 0.014074151117829815.
[I 2026-04-13 02:57:05,087] Trial 35 finished with value: 0.01414209172203808 and parameters: {'depth': 6, 'learning_rate': 0.05019188336572504}. Best is trial 22 with value: 0.014074151117829815.
[I 2026-04-13 02:57:26,300] Trial 36 finished with value: 0.014119077049880371 and parameters: {'depth': 8, 'learning_rate': 0.03344513532988044}. Best is trial 22 with value: 0.014074151117829815.
[I 2026-04-13 02:57:40,477] Trial 37 finished with value: 0.014167139981992316 and parameters: {'depth': 4, 'learning_rate': 0.0459763116099185}. Best is trial 22 with value: 0.014074151117829815.
[I 2026-04-13 02:57:58,602] Trial 38 finished with value: 0.014153596369725241 and parameters: {'depth': 6, 'learning_rate': 0.01923238150421338}. Best is trial 22 with value: 0.014074151117829815.
[I 2026-04-13 02:58:17,071] Trial 39 finished with value: 0.014148525704870985 and parameters: {'depth': 7, 'learning_rate': 0.025070509653194316}. Best is trial 22 with value: 0.014074151117829815.
[I 2026-04-13 02:58:39,072] Trial 40 finished with value: 0.014144725862652639 and parameters: {'depth': 8, 'learning_rate': 0.03003895047468881}. Best is trial 22 with value: 0.014074151117829815.
[I 2026-04-13 02:58:54,576] Trial 41 finished with value: 0.014103447003468153 and parameters: {'depth': 5, 'learning_rate': 0.03752429286751717}. Best is trial 22 with value: 0.014074151117829815.
[I 2026-04-13 02:59:09,949] Trial 42 finished with value: 0.014134409321981739 and parameters: {'depth': 5, 'learning_rate': 0.04019128394289644}. Best is trial 22 with value: 0.014074151117829815.
[I 2026-04-13 02:59:25,007] Trial 43 finished with value: 0.014153631354759055 and parameters: {'depth': 4, 'learning_rate': 0.035616862412427584}. Best is trial 22 with value: 0.014074151117829815.
[I 2026-04-13 02:59:40,709] Trial 44 finished with value: 0.014130791875597305 and parameters: {'depth': 5, 'learning_rate': 0.05226408421795047}. Best is trial 22 with value: 0.014074151117829815.
[I 2026-04-13 03:00:14,806] A new study created in memory with name: no-name-e111fd1d-54ea-426b-87ad-e0f7066fdb4d
4. Processing Target_D2...
[I 2026-04-13 03:00:33,869] Trial 0 finished with value: 0.021192102254666136 and parameters: {'depth': 7, 'learning_rate': 0.0100445690095679}. Best is trial 0 with value: 0.021192102254666136.
[I 2026-04-13 03:00:49,161] Trial 1 finished with value: 0.02119111815938967 and parameters: {'depth': 5, 'learning_rate': 0.02300313568456679}. Best is trial 1 with value: 0.02119111815938967.
[I 2026-04-13 03:01:03,225] Trial 2 finished with value: 0.021168039528444184 and parameters: {'depth': 4, 'learning_rate': 0.029194033121471483}. Best is trial 2 with value: 0.021168039528444184.
[I 2026-04-13 03:01:22,901] Trial 3 finished with value: 0.021263844080174666 and parameters: {'depth': 7, 'learning_rate': 0.08503289780385175}. Best is trial 2 with value: 0.021168039528444184.
[I 2026-04-13 03:01:39,570] Trial 4 finished with value: 0.02127913145270494 and parameters: {'depth': 6, 'learning_rate': 0.07904692938161391}. Best is trial 2 with value: 0.021168039528444184.
[I 2026-04-13 03:01:53,620] Trial 5 finished with value: 0.021067856524966493 and parameters: {'depth': 4, 'learning_rate': 0.045722388326556535}. Best is trial 5 with value: 0.021067856524966493.
[I 2026-04-13 03:02:13,219] Trial 6 finished with value: 0.021264955913132117 and parameters: {'depth': 7, 'learning_rate': 0.016470570678046765}. Best is trial 5 with value: 0.021067856524966493.
[I 2026-04-13 03:02:27,289] Trial 7 finished with value: 0.021001874845988127 and parameters: {'depth': 4, 'learning_rate': 0.033367490367955555}. Best is trial 7 with value: 0.021001874845988127.
[I 2026-04-13 03:02:49,315] Trial 8 finished with value: 0.021233207354403268 and parameters: {'depth': 8, 'learning_rate': 0.050557757885192525}. Best is trial 7 with value: 0.021001874845988127.
[I 2026-04-13 03:03:07,790] Trial 9 finished with value: 0.021152684312737657 and parameters: {'depth': 7, 'learning_rate': 0.02791381223948705}. Best is trial 7 with value: 0.021001874845988127.
[I 2026-04-13 03:03:23,191] Trial 10 finished with value: 0.021102998118490906 and parameters: {'depth': 5, 'learning_rate': 0.04649191826921769}. Best is trial 7 with value: 0.021001874845988127.
[I 2026-04-13 03:03:37,679] Trial 11 finished with value: 0.021193480615155195 and parameters: {'depth': 4, 'learning_rate': 0.04686913202052443}. Best is trial 7 with value: 0.021001874845988127.
[I 2026-04-13 03:03:52,698] Trial 12 finished with value: 0.020974770352398347 and parameters: {'depth': 4, 'learning_rate': 0.04005062693665672}. Best is trial 12 with value: 0.020974770352398347.
[I 2026-04-13 03:04:08,128] Trial 13 finished with value: 0.021168229756091974 and parameters: {'depth': 5, 'learning_rate': 0.01876312013145923}. Best is trial 12 with value: 0.020974770352398347.
[I 2026-04-13 03:04:22,151] Trial 14 finished with value: 0.021028495820089702 and parameters: {'depth': 4, 'learning_rate': 0.03562932377083742}. Best is trial 12 with value: 0.020974770352398347.
[I 2026-04-13 03:04:37,143] Trial 15 finished with value: 0.021058908006112625 and parameters: {'depth': 5, 'learning_rate': 0.05947054984142309}. Best is trial 12 with value: 0.020974770352398347.
[I 2026-04-13 03:04:53,560] Trial 16 finished with value: 0.021239550694065835 and parameters: {'depth': 6, 'learning_rate': 0.03555030929535659}. Best is trial 12 with value: 0.020974770352398347.
[I 2026-04-13 03:05:08,048] Trial 17 finished with value: 0.021180853089406957 and parameters: {'depth': 4, 'learning_rate': 0.06453604439901901}. Best is trial 12 with value: 0.020974770352398347.
[I 2026-04-13 03:05:23,235] Trial 18 finished with value: 0.021187886821617822 and parameters: {'depth': 5, 'learning_rate': 0.013435396863929713}. Best is trial 12 with value: 0.020974770352398347.
[I 2026-04-13 03:05:39,597] Trial 19 finished with value: 0.021031852042444104 and parameters: {'depth': 6, 'learning_rate': 0.023913977767325255}. Best is trial 12 with value: 0.020974770352398347.
[I 2026-04-13 03:05:53,436] Trial 20 finished with value: 0.020940187975580043 and parameters: {'depth': 4, 'learning_rate': 0.09901090057506268}. Best is trial 20 with value: 0.020940187975580043.
[I 2026-04-13 03:06:07,210] Trial 21 finished with value: 0.02114708278818154 and parameters: {'depth': 4, 'learning_rate': 0.06879481840359074}. Best is trial 20 with value: 0.020940187975580043.
[I 2026-04-13 03:06:20,776] Trial 22 finished with value: 0.021159148358125317 and parameters: {'depth': 4, 'learning_rate': 0.0979699715576602}. Best is trial 20 with value: 0.020940187975580043.
[I 2026-04-13 03:06:37,175] Trial 23 finished with value: 0.021118107941996374 and parameters: {'depth': 5, 'learning_rate': 0.038906919557144454}. Best is trial 20 with value: 0.020940187975580043.
[I 2026-04-13 03:06:51,618] Trial 24 finished with value: 0.021168454595446605 and parameters: {'depth': 4, 'learning_rate': 0.023980964879381186}. Best is trial 20 with value: 0.020940187975580043.
[I 2026-04-13 03:07:07,159] Trial 25 finished with value: 0.021085801723945367 and parameters: {'depth': 5, 'learning_rate': 0.09757981125098489}. Best is trial 20 with value: 0.020940187975580043.
[I 2026-04-13 03:07:21,029] Trial 26 finished with value: 0.0213440121004471 and parameters: {'depth': 4, 'learning_rate': 0.055998041202001594}. Best is trial 20 with value: 0.020940187975580043.
[I 2026-04-13 03:07:42,717] Trial 27 finished with value: 0.021157729542461597 and parameters: {'depth': 8, 'learning_rate': 0.04086451171493786}. Best is trial 20 with value: 0.020940187975580043.
[I 2026-04-13 03:07:57,729] Trial 28 finished with value: 0.02113363338413923 and parameters: {'depth': 5, 'learning_rate': 0.030884354038310084}. Best is trial 20 with value: 0.020940187975580043.
[I 2026-04-13 03:08:14,000] Trial 29 finished with value: 0.02112337109037175 and parameters: {'depth': 6, 'learning_rate': 0.014506819528799796}. Best is trial 20 with value: 0.020940187975580043.
[I 2026-04-13 03:08:27,834] Trial 30 finished with value: 0.02092047931759926 and parameters: {'depth': 4, 'learning_rate': 0.07565248465509461}. Best is trial 30 with value: 0.02092047931759926.
[I 2026-04-13 03:08:41,717] Trial 31 finished with value: 0.02112938830239289 and parameters: {'depth': 4, 'learning_rate': 0.07483239860365003}. Best is trial 30 with value: 0.02092047931759926.
[I 2026-04-13 03:08:56,125] Trial 32 finished with value: 0.02114621442444786 and parameters: {'depth': 4, 'learning_rate': 0.08640762018772313}. Best is trial 30 with value: 0.02092047931759926.
[I 2026-04-13 03:09:10,142] Trial 33 finished with value: 0.021143395641883465 and parameters: {'depth': 4, 'learning_rate': 0.055087641157403236}. Best is trial 30 with value: 0.02092047931759926.
[I 2026-04-13 03:09:25,114] Trial 34 finished with value: 0.021130364721362052 and parameters: {'depth': 5, 'learning_rate': 0.027171611757330513}. Best is trial 30 with value: 0.02092047931759926.
[I 2026-04-13 03:09:38,723] Trial 35 finished with value: 0.021161506855277953 and parameters: {'depth': 4, 'learning_rate': 0.06912458653086788}. Best is trial 30 with value: 0.02092047931759926.
[I 2026-04-13 03:09:52,413] Trial 36 finished with value: 0.021363140238560976 and parameters: {'depth': 4, 'learning_rate': 0.08542189737245282}. Best is trial 30 with value: 0.02092047931759926.
[I 2026-04-13 03:10:06,182] Trial 37 finished with value: 0.02112526684738961 and parameters: {'depth': 4, 'learning_rate': 0.021188376754662012}. Best is trial 30 with value: 0.02092047931759926.
[I 2026-04-13 03:10:21,209] Trial 38 finished with value: 0.021163424231295927 and parameters: {'depth': 5, 'learning_rate': 0.03352112439396049}. Best is trial 30 with value: 0.02092047931759926.
[I 2026-04-13 03:10:34,927] Trial 39 finished with value: 0.02111956090062515 and parameters: {'depth': 4, 'learning_rate': 0.04147051403008849}. Best is trial 30 with value: 0.02092047931759926.
[I 2026-04-13 03:10:51,188] Trial 40 finished with value: 0.021264681866642224 and parameters: {'depth': 5, 'learning_rate': 0.011498051626417776}. Best is trial 30 with value: 0.02092047931759926.
[I 2026-04-13 03:11:05,032] Trial 41 finished with value: 0.020974738039412494 and parameters: {'depth': 4, 'learning_rate': 0.03778788565964775}. Best is trial 30 with value: 0.02092047931759926.
[I 2026-04-13 03:11:18,911] Trial 42 finished with value: 0.02094553393100637 and parameters: {'depth': 4, 'learning_rate': 0.02741212343814934}. Best is trial 30 with value: 0.02092047931759926.
[I 2026-04-13 03:11:32,771] Trial 43 finished with value: 0.021050324709181143 and parameters: {'depth': 4, 'learning_rate': 0.026071019823656696}. Best is trial 30 with value: 0.02092047931759926.
[I 2026-04-13 03:11:46,755] Trial 44 finished with value: 0.02116862341697551 and parameters: {'depth': 4, 'learning_rate': 0.01902379786020213}. Best is trial 30 with value: 0.02092047931759926.
[I 2026-04-13 03:12:14,338] A new study created in memory with name: no-name-f6f71c50-b36f-44b4-8e77-da6a1bc7543e
4. Processing Target_D3...
[I 2026-04-13 03:12:33,272] Trial 0 finished with value: 0.0261864387686258 and parameters: {'depth': 7, 'learning_rate': 0.09059024526687535}. Best is trial 0 with value: 0.0261864387686258.
[I 2026-04-13 03:12:47,019] Trial 1 finished with value: 0.02591711247723716 and parameters: {'depth': 4, 'learning_rate': 0.010395520897239894}. Best is trial 1 with value: 0.02591711247723716.
[I 2026-04-13 03:13:00,646] Trial 2 finished with value: 0.025871730935811865 and parameters: {'depth': 4, 'learning_rate': 0.07097385079150659}. Best is trial 2 with value: 0.025871730935811865.
[I 2026-04-13 03:13:16,965] Trial 3 finished with value: 0.0260232380376216 and parameters: {'depth': 6, 'learning_rate': 0.029040757677325155}. Best is trial 2 with value: 0.025871730935811865.
[I 2026-04-13 03:13:31,884] Trial 4 finished with value: 0.025889881060365678 and parameters: {'depth': 5, 'learning_rate': 0.012262621050017292}. Best is trial 2 with value: 0.025871730935811865.
[I 2026-04-13 03:13:49,231] Trial 5 finished with value: 0.025992727549488424 and parameters: {'depth': 6, 'learning_rate': 0.09774456712185785}. Best is trial 2 with value: 0.025871730935811865.
[I 2026-04-13 03:14:04,204] Trial 6 finished with value: 0.025838550615525827 and parameters: {'depth': 5, 'learning_rate': 0.021293796003345168}. Best is trial 6 with value: 0.025838550615525827.
[I 2026-04-13 03:14:20,754] Trial 7 finished with value: 0.025900933844383547 and parameters: {'depth': 6, 'learning_rate': 0.023949137768977655}. Best is trial 6 with value: 0.025838550615525827.
[I 2026-04-13 03:14:37,739] Trial 8 finished with value: 0.025972584772168666 and parameters: {'depth': 6, 'learning_rate': 0.010842346489321947}. Best is trial 6 with value: 0.025838550615525827.
[I 2026-04-13 03:14:58,455] Trial 9 finished with value: 0.026035022796324664 and parameters: {'depth': 8, 'learning_rate': 0.02995074926311269}. Best is trial 6 with value: 0.025838550615525827.
[I 2026-04-13 03:15:13,458] Trial 10 finished with value: 0.025779076033104215 and parameters: {'depth': 5, 'learning_rate': 0.018491907865765458}. Best is trial 10 with value: 0.025779076033104215.
[I 2026-04-13 03:15:29,658] Trial 11 finished with value: 0.02589039492802214 and parameters: {'depth': 5, 'learning_rate': 0.017432551623353183}. Best is trial 10 with value: 0.025779076033104215.
[I 2026-04-13 03:15:44,577] Trial 12 finished with value: 0.025885883953224914 and parameters: {'depth': 5, 'learning_rate': 0.04846287718002007}. Best is trial 10 with value: 0.025779076033104215.
[I 2026-04-13 03:15:58,407] Trial 13 finished with value: 0.025970358038269605 and parameters: {'depth': 4, 'learning_rate': 0.017266092565731837}. Best is trial 10 with value: 0.025779076033104215.
[I 2026-04-13 03:16:13,451] Trial 14 finished with value: 0.02593373510837007 and parameters: {'depth': 5, 'learning_rate': 0.019457382819290516}. Best is trial 10 with value: 0.025779076033104215.
[I 2026-04-13 03:16:32,771] Trial 15 finished with value: 0.02592181367403244 and parameters: {'depth': 7, 'learning_rate': 0.046537349846419045}. Best is trial 10 with value: 0.025779076033104215.
[I 2026-04-13 03:16:48,061] Trial 16 finished with value: 0.025931462810773482 and parameters: {'depth': 5, 'learning_rate': 0.014972053892763142}. Best is trial 10 with value: 0.025779076033104215.
