[I 2026-04-13 03:46:47,274] Trial 37 finished with value: 0.03206060901733769 and parameters: {'depth': 7, 'learning_rate': 0.040246843590487164}. Best is trial 23 with value: 0.0314293094157301.
[I 2026-04-13 03:47:02,910] Trial 38 finished with value: 0.03163463776492014 and parameters: {'depth': 6, 'learning_rate': 0.022854714860349904}. Best is trial 23 with value: 0.0314293094157301.
[I 2026-04-13 03:47:18,613] Trial 39 finished with value: 0.03149512367540568 and parameters: {'depth': 6, 'learning_rate': 0.019392374687500238}. Best is trial 23 with value: 0.0314293094157301.
[I 2026-04-13 03:47:33,206] Trial 40 finished with value: 0.03176442581534837 and parameters: {'depth': 5, 'learning_rate': 0.018811819978349343}. Best is trial 23 with value: 0.0314293094157301.
[I 2026-04-13 03:47:49,963] Trial 41 finished with value: 0.03165927883417144 and parameters: {'depth': 6, 'learning_rate': 0.020488670677445357}. Best is trial 23 with value: 0.0314293094157301.
[I 2026-04-13 03:48:05,878] Trial 42 finished with value: 0.0313997863803798 and parameters: {'depth': 6, 'learning_rate': 0.025928797251078488}. Best is trial 42 with value: 0.0313997863803798.
[I 2026-04-13 03:48:21,807] Trial 43 finished with value: 0.0317997370584287 and parameters: {'depth': 6, 'learning_rate': 0.017782244963985217}. Best is trial 42 with value: 0.0313997863803798.
[I 2026-04-13 03:48:38,881] Trial 44 finished with value: 0.0317986581027754 and parameters: {'depth': 6, 'learning_rate': 0.03228472708355218}. Best is trial 42 with value: 0.0313997863803798.
Tabela de Projeções (Top 10) | Erro Médio Global (MAE D+5): 3.1%


  
    
      Ticker
      Preço Atual
      D+1
      D+2
      D+3
      D+4
      D+5
      Var % (D+5)
      Direção
    
  
  
    
      CLSC4.SA
      146.79
      147.186193
      146.557054
      147.187628
      147.163244
      146.862810
      +0.0%
      ALTA
    
    
      CXCO11.SA
      73.45
      73.628827
      73.436432
      73.756297
      73.861195
      73.485037
      +0.0%
      ALTA
    
    
      BTAL11.SA
      91.50
      91.675171
      91.182147
      91.842381
      92.034892
      91.533521
      +0.0%
      ALTA
    
    
      VCRA11.SA
      64.43
      64.565832
      64.307545
      64.665811
      64.760043
      64.449514
      +0.0%
      ALTA
    
    
      BRCR11.SA
      47.88
      47.989123
      47.692935
      48.027025
      48.165217
      47.894181
      +0.0%
      ALTA
    
    
      BBFO11.SA
      73.83
      74.004888
      73.577978
      74.141425
      74.271240
      73.848929
      +0.0%
      ALTA
    
    
      OIAG11.SA
      9.11
      9.125342
      9.105350
      9.137960
      9.159807
      9.111956
      +0.0%
      ALTA
    
    
      RZAK11.SA
      85.98
      86.188202
      85.862774
      86.049406
      86.141984
      85.996930
      +0.0%
      ALTA
    
    
      BODB11.SA
      8.00
      8.016577
      7.994192
      8.012638
      8.026779
      8.001464
      +0.0%
      ALTA
    
    
      WHGR11.SA
      9.65
      9.672528
      9.648583
      9.652546
      9.668968
      9.651583
      +0.0%
      ALTA
    
  

Trajetórias Preditivas (Top 10)---------------------------------------------------------------------------
KeyError                                  Traceback (most recent call last)
/usr/local/lib/python3.12/dist-packages/pandas/core/indexes/base.py in get_loc(self, key)
   3804         try:
-> 3805             return self._engine.get_loc(casted_key)
   3806         except KeyError as err:

index.pyx in pandas._libs.index.IndexEngine.get_loc()

index.pyx in pandas._libs.index.IndexEngine.get_loc()

pandas/_libs/hashtable_class_helper.pxi in pandas._libs.hashtable.PyObjectHashTable.get_item()

pandas/_libs/hashtable_class_helper.pxi in pandas._libs.hashtable.PyObjectHashTable.get_item()

KeyError: 'Proj. D+1'

The above exception was the direct cause of the following exception:

KeyError                                  Traceback (most recent call last)
5 frames/tmp/ipykernel_13305/3411023021.py in <cell line: 0>()
    442 
    443 if __name__ == "__main__":
--> 444     main()

/tmp/ipykernel_13305/3411023021.py in main()
    439         models[target] = tune_and_train(tp, vp)
    440 
--> 441     generate_prd_outputs(df, models)
    442 
    443 if __name__ == "__main__":

/tmp/ipykernel_13305/3411023021.py in generate_prd_outputs(df_model, models)
    400             t_now + pd.Timedelta(days=d) for d in CONFIG["HORIZONS"]
    401         ]
--> 402         projs = [res_t[f"Proj. D+{d}"] for d in CONFIG["HORIZONS"]]
    403 
    404         ax.plot(future_dates, projs, "o--", color="#27ae60", label="Predição")

/usr/local/lib/python3.12/dist-packages/pandas/core/series.py in __getitem__(self, key)
   1119 
   1120         elif key_is_scalar:
-> 1121             return self._get_value(key)
   1122 
   1123         # Convert generator to list before going through hashable part

/usr/local/lib/python3.12/dist-packages/pandas/core/series.py in _get_value(self, label, takeable)
   1235 
   1236         # Similar to Index.get_value, but we do not fall back to positional
-> 1237         loc = self.index.get_loc(label)
   1238 
   1239         if is_integer(loc):

/usr/local/lib/python3.12/dist-packages/pandas/core/indexes/base.py in get_loc(self, key)
   3810             ):
   3811                 raise InvalidIndexError(key)
-> 3812             raise KeyError(key) from err
   3813         except TypeError:
   3814             # If we have a listlike key, _check_indexing_error will raise

KeyError: 'Proj. D+1'
